#
# There is insufficient memory for the Java Runtime Environment to continue.
# Native memory allocation (malloc) failed to allocate 310816 bytes for Chunk::new
# Possible reasons:
#   The system is out of physical RAM or swap space
#   The process is running with CompressedOops enabled, and the Java Heap may be blocking the growth of the native heap
# Possible solutions:
#   Reduce memory load on the system
#   Increase physical memory or swap space
#   Check if swap backing store is full
#   Decrease Java heap size (-Xmx/-Xms)
#   Decrease number of Java threads
#   Decrease Java thread stack sizes (-Xss)
#   Set larger code cache with -XX:ReservedCodeCacheSize=
#   JVM is running with Zero Based Compressed Oops mode in which the Java heap is
#     placed in the first 32GB address space. The Java Heap base address is the
#     maximum limit for the native heap growth. Please use -XX:HeapBaseMinAddress
#     to set the Java Heap base and to place the Java Heap above 32GB virtual address.
# This output file may be truncated or incomplete.
#
#  Out of Memory Error (./src/hotspot/share/memory/arena.cpp:197), pid=16164, tid=5264
#
# JRE version: OpenJDK Runtime Environment Microsoft-25199 (11.0.12+7) (build 11.0.12+7)
# Java VM: OpenJDK 64-Bit Server VM Microsoft-25199 (11.0.12+7, mixed mode, tiered, compressed oops, g1 gc, windows-amd64)
# No core dump will be written. Minidumps are not enabled by default on client versions of Windows
#

---------------  S U M M A R Y ------------

Command Line: com.xamarin.manifestmerger.Main obj\Debug\120\android\manifestmerger.rsp

Host: Intel(R) Core(TM) i5-9300H CPU @ 2.40GHz, 8 cores, 11G,  Windows 10 , 64 bit Build 19041 (10.0.19041.1741)
Time: Wed Jun 22 04:49:45 2022 Central European Summer Time elapsed time: 0.650453 seconds (0d 0h 0m 0s)

---------------  T H R E A D  ---------------

Current thread (0x000001a56e348800):  JavaThread "C2 CompilerThread1" daemon [_thread_in_native, id=5264, stack(0x0000000579a00000,0x0000000579b00000)]


Current CompileTask:
C2:    650  777       4       jdk.internal.org.objectweb.asm.Item::set (219 bytes)

Stack: [0x0000000579a00000,0x0000000579b00000]
Native frames: (J=compiled Java code, j=interpreted, Vv=VM code, C=native code)
V  [jvm.dll+0x6090fa]
V  [jvm.dll+0x79229e]
V  [jvm.dll+0x79396f]
V  [jvm.dll+0x794033]
V  [jvm.dll+0x24bed8]
V  [jvm.dll+0xc219c]
V  [jvm.dll+0xc275c]
V  [jvm.dll+0x2bde94]
V  [jvm.dll+0x5132e9]
V  [jvm.dll+0x20d75d]
V  [jvm.dll+0x2076a4]
V  [jvm.dll+0x20464a]
V  [jvm.dll+0x18996c]
V  [jvm.dll+0x213dd7]
V  [jvm.dll+0x211f9b]
V  [jvm.dll+0x7563a9]
V  [jvm.dll+0x74f414]
V  [jvm.dll+0x607f56]
C  [ucrtbase.dll+0x21bb2]
C  [KERNEL32.DLL+0x17034]
C  [ntdll.dll+0x52651]


---------------  P R O C E S S  ---------------

Threads class SMR info:
_java_thread_list=0x000001a56e49e010, length=12, elements={
0x000001a54c51c800, 0x000001a56e2e4000, 0x000001a56e2ed000, 0x000001a56e2de800,
0x000001a56e2df800, 0x000001a56e336800, 0x000001a56daa9000, 0x000001a56e344800,
0x000001a56daae000, 0x000001a56e4c9000, 0x000001a56e348800, 0x000001a56e346000
}

Java Threads: ( => current thread )
  0x000001a54c51c800 JavaThread "main" [_thread_in_vm, id=8084, stack(0x0000000578900000,0x0000000578a00000)]
  0x000001a56e2e4000 JavaThread "Reference Handler" daemon [_thread_blocked, id=21300, stack(0x0000000579000000,0x0000000579100000)]
  0x000001a56e2ed000 JavaThread "Finalizer" daemon [_thread_blocked, id=10560, stack(0x0000000579100000,0x0000000579200000)]
  0x000001a56e2de800 JavaThread "Signal Dispatcher" daemon [_thread_blocked, id=1044, stack(0x0000000579200000,0x0000000579300000)]
  0x000001a56e2df800 JavaThread "Attach Listener" daemon [_thread_blocked, id=7148, stack(0x0000000579300000,0x0000000579400000)]
  0x000001a56e336800 JavaThread "Service Thread" daemon [_thread_blocked, id=2384, stack(0x0000000579400000,0x0000000579500000)]
  0x000001a56daa9000 JavaThread "C2 CompilerThread0" daemon [_thread_blocked, id=2460, stack(0x0000000579500000,0x0000000579600000)]
  0x000001a56e344800 JavaThread "C1 CompilerThread0" daemon [_thread_blocked, id=8824, stack(0x0000000579600000,0x0000000579700000)]
  0x000001a56daae000 JavaThread "Sweeper thread" daemon [_thread_blocked, id=8756, stack(0x0000000579700000,0x0000000579800000)]
  0x000001a56e4c9000 JavaThread "Common-Cleaner" daemon [_thread_blocked, id=9328, stack(0x0000000579900000,0x0000000579a00000)]
=>0x000001a56e348800 JavaThread "C2 CompilerThread1" daemon [_thread_in_native, id=5264, stack(0x0000000579a00000,0x0000000579b00000)]
  0x000001a56e346000 JavaThread "C2 CompilerThread2" daemon [_thread_blocked, id=8960, stack(0x0000000579b00000,0x0000000579c00000)]

Other Threads:
  0x000001a56daa4800 VMThread "VM Thread" [stack: 0x0000000578f00000,0x0000000579000000] [id=14684]
  0x000001a56e4c0800 WatcherThread [stack: 0x0000000579800000,0x0000000579900000] [id=5760]
  0x000001a54c533000 GCTaskThread "GC Thread#0" [stack: 0x0000000578a00000,0x0000000578b00000] [id=504]
  0x000001a56e4d9000 GCTaskThread "GC Thread#1" [stack: 0x0000000579c00000,0x0000000579d00000] [id=19612]
  0x000001a56e7c0800 GCTaskThread "GC Thread#2" [stack: 0x0000000579d00000,0x0000000579e00000] [id=22044]
  0x000001a56e7c1000 GCTaskThread "GC Thread#3" [stack: 0x0000000579e00000,0x0000000579f00000] [id=15036]
  0x000001a54c57a800 ConcurrentGCThread "G1 Main Marker" [stack: 0x0000000578b00000,0x0000000578c00000] [id=2132]
  0x000001a54c57d000 ConcurrentGCThread "G1 Conc#0" [stack: 0x0000000578c00000,0x0000000578d00000] [id=18760]
  0x000001a54c5fe000 ConcurrentGCThread "G1 Refine#0" [stack: 0x0000000578d00000,0x0000000578e00000] [id=19028]
  0x000001a56e87f800 ConcurrentGCThread "G1 Refine#1" [stack: 0x0000000579f00000,0x000000057a000000] [id=8288]
  0x000001a56e5f3000 ConcurrentGCThread "G1 Refine#2" [stack: 0x000000057a000000,0x000000057a100000] [id=19884]
  0x000001a56e5f3800 ConcurrentGCThread "G1 Refine#3" [stack: 0x000000057a100000,0x000000057a200000] [id=2376]
  0x000001a56e60c800 ConcurrentGCThread "G1 Refine#4" [stack: 0x000000057a200000,0x000000057a300000] [id=20164]
  0x000001a56d90e800 ConcurrentGCThread "G1 Young RemSet Sampling" [stack: 0x0000000578e00000,0x0000000578f00000] [id=18412]

Threads with active compile tasks:
C1 CompilerThread0    678  809       3       java.util.ArrayList::iterator (9 bytes)
C2 CompilerThread1    678  777       4       jdk.internal.org.objectweb.asm.Item::set (219 bytes)

VM state:not at safepoint (normal execution)

VM Mutex/Monitor currently owned by a thread: None

Heap address: 0x0000000742600000, size: 3034 MB, Compressed Oops mode: Zero based, Oop shift amount: 3
Narrow klass base: 0x0000000800000000, Narrow klass shift: 0
Compressed class space size: 1073741824 Address: 0x0000000800000000

Heap:
 garbage-first heap   total 194560K, used 36529K [0x0000000742600000, 0x0000000800000000)
  region size 1024K, 13 young (13312K), 2 survivors (2048K)
 Metaspace       used 10993K, capacity 11130K, committed 11392K, reserved 1058816K
  class space    used 1052K, capacity 1114K, committed 1152K, reserved 1048576K
Heap Regions: E=young(eden), S=young(survivor), O=old, HS=humongous(starts), HC=humongous(continues), CS=collection set, F=free, A=archive, TAMS=top-at-mark-start (previous, next)
|   0|0x0000000742600000, 0x0000000742700000, 0x0000000742700000|100%|HS|  |TAMS 0x0000000742600000, 0x0000000742600000| Complete 
|   1|0x0000000742700000, 0x0000000742800000, 0x0000000742800000|100%|HC|  |TAMS 0x0000000742700000, 0x0000000742700000| Complete 
|   2|0x0000000742800000, 0x0000000742900000, 0x0000000742900000|100%| O|  |TAMS 0x0000000742800000, 0x0000000742800000| Untracked 
|   3|0x0000000742900000, 0x0000000742a00000, 0x0000000742a00000|100%| O|  |TAMS 0x0000000742900000, 0x0000000742900000| Untracked 
|   4|0x0000000742a00000, 0x0000000742b00000, 0x0000000742b00000|100%| O|  |TAMS 0x0000000742a00000, 0x0000000742a00000| Untracked 
|   5|0x0000000742b00000, 0x0000000742c00000, 0x0000000742c00000|100%|HS|  |TAMS 0x0000000742b00000, 0x0000000742b00000| Complete 
|   6|0x0000000742c00000, 0x0000000742d00000, 0x0000000742d00000|100%|HC|  |TAMS 0x0000000742c00000, 0x0000000742c00000| Complete 
|   7|0x0000000742d00000, 0x0000000742e00000, 0x0000000742e00000|100%|HC|  |TAMS 0x0000000742d00000, 0x0000000742d00000| Complete 
|   8|0x0000000742e00000, 0x0000000742f00000, 0x0000000742f00000|100%| O|  |TAMS 0x0000000742e00000, 0x0000000742e00000| Untracked 
|   9|0x0000000742f00000, 0x0000000743000000, 0x0000000743000000|100%| O|  |TAMS 0x0000000742f00000, 0x0000000742f00000| Untracked 
|  10|0x0000000743000000, 0x00000007430ac600, 0x0000000743100000| 67%| O|  |TAMS 0x0000000743000000, 0x0000000743000000| Untracked 
|  11|0x0000000743100000, 0x0000000743100000, 0x0000000743200000|  0%| F|  |TAMS 0x0000000743100000, 0x0000000743100000| Untracked 
|  12|0x0000000743200000, 0x0000000743200000, 0x0000000743300000|  0%| F|  |TAMS 0x0000000743200000, 0x0000000743200000| Untracked 
|  13|0x0000000743300000, 0x0000000743300000, 0x0000000743400000|  0%| F|  |TAMS 0x0000000743300000, 0x0000000743300000| Untracked 
|  14|0x0000000743400000, 0x0000000743500000, 0x0000000743500000|100%|HS|  |TAMS 0x0000000743400000, 0x0000000743400000| Complete 
|  15|0x0000000743500000, 0x0000000743600000, 0x0000000743600000|100%|HC|  |TAMS 0x0000000743500000, 0x0000000743500000| Complete 
|  16|0x0000000743600000, 0x0000000743700000, 0x0000000743700000|100%|HC|  |TAMS 0x0000000743600000, 0x0000000743600000| Complete 
|  17|0x0000000743700000, 0x0000000743800000, 0x0000000743800000|100%|HS|  |TAMS 0x0000000743700000, 0x0000000743700000| Complete 
|  18|0x0000000743800000, 0x0000000743900000, 0x0000000743900000|100%|HC|  |TAMS 0x0000000743800000, 0x0000000743800000| Complete 
|  19|0x0000000743900000, 0x0000000743a00000, 0x0000000743a00000|100%|HC|  |TAMS 0x0000000743900000, 0x0000000743900000| Complete 
|  20|0x0000000743a00000, 0x0000000743b00000, 0x0000000743b00000|100%| O|  |TAMS 0x0000000743a00000, 0x0000000743a00000| Untracked 
|  21|0x0000000743b00000, 0x0000000743c00000, 0x0000000743c00000|100%| O|  |TAMS 0x0000000743b00000, 0x0000000743b00000| Untracked 
|  22|0x0000000743c00000, 0x0000000743d00000, 0x0000000743d00000|100%| O|  |TAMS 0x0000000743c00000, 0x0000000743c00000| Untracked 
|  23|0x0000000743d00000, 0x0000000743e00000, 0x0000000743e00000|100%| O|  |TAMS 0x0000000743d00000, 0x0000000743d00000| Untracked 
|  24|0x0000000743e00000, 0x0000000743f00000, 0x0000000743f00000|100%| O|  |TAMS 0x0000000743e00000, 0x0000000743e00000| Untracked 
|  25|0x0000000743f00000, 0x0000000744000000, 0x0000000744000000|100%| O|  |TAMS 0x0000000743f00000, 0x0000000743f00000| Untracked 
|  26|0x0000000744000000, 0x0000000744100000, 0x0000000744100000|100%| O|  |TAMS 0x0000000744000000, 0x0000000744000000| Untracked 
|  27|0x0000000744100000, 0x0000000744100000, 0x0000000744200000|  0%| F|  |TAMS 0x0000000744100000, 0x0000000744100000| Untracked 
|  28|0x0000000744200000, 0x0000000744200000, 0x0000000744300000|  0%| F|  |TAMS 0x0000000744200000, 0x0000000744200000| Untracked 
|  29|0x0000000744300000, 0x0000000744300000, 0x0000000744400000|  0%| F|  |TAMS 0x0000000744300000, 0x0000000744300000| Untracked 
|  30|0x0000000744400000, 0x0000000744400000, 0x0000000744500000|  0%| F|  |TAMS 0x0000000744400000, 0x0000000744400000| Untracked 
|  31|0x0000000744500000, 0x0000000744500000, 0x0000000744600000|  0%| F|  |TAMS 0x0000000744500000, 0x0000000744500000| Untracked 
|  32|0x0000000744600000, 0x0000000744600000, 0x0000000744700000|  0%| F|  |TAMS 0x0000000744600000, 0x0000000744600000| Untracked 
|  33|0x0000000744700000, 0x0000000744700000, 0x0000000744800000|  0%| F|  |TAMS 0x0000000744700000, 0x0000000744700000| Untracked 
|  34|0x0000000744800000, 0x0000000744800000, 0x0000000744900000|  0%| F|  |TAMS 0x0000000744800000, 0x0000000744800000| Untracked 
|  35|0x0000000744900000, 0x0000000744900000, 0x0000000744a00000|  0%| F|  |TAMS 0x0000000744900000, 0x0000000744900000| Untracked 
|  36|0x0000000744a00000, 0x0000000744a00000, 0x0000000744b00000|  0%| F|  |TAMS 0x0000000744a00000, 0x0000000744a00000| Untracked 
|  37|0x0000000744b00000, 0x0000000744b00000, 0x0000000744c00000|  0%| F|  |TAMS 0x0000000744b00000, 0x0000000744b00000| Untracked 
|  38|0x0000000744c00000, 0x0000000744c00000, 0x0000000744d00000|  0%| F|  |TAMS 0x0000000744c00000, 0x0000000744c00000| Untracked 
|  39|0x0000000744d00000, 0x0000000744d00000, 0x0000000744e00000|  0%| F|  |TAMS 0x0000000744d00000, 0x0000000744d00000| Untracked 
|  40|0x0000000744e00000, 0x0000000744e00000, 0x0000000744f00000|  0%| F|  |TAMS 0x0000000744e00000, 0x0000000744e00000| Untracked 
|  41|0x0000000744f00000, 0x0000000744f00000, 0x0000000745000000|  0%| F|  |TAMS 0x0000000744f00000, 0x0000000744f00000| Untracked 
|  42|0x0000000745000000, 0x0000000745000000, 0x0000000745100000|  0%| F|  |TAMS 0x0000000745000000, 0x0000000745000000| Untracked 
|  43|0x0000000745100000, 0x0000000745100000, 0x0000000745200000|  0%| F|  |TAMS 0x0000000745100000, 0x0000000745100000| Untracked 
|  44|0x0000000745200000, 0x0000000745200000, 0x0000000745300000|  0%| F|  |TAMS 0x0000000745200000, 0x0000000745200000| Untracked 
|  45|0x0000000745300000, 0x0000000745300000, 0x0000000745400000|  0%| F|  |TAMS 0x0000000745300000, 0x0000000745300000| Untracked 
|  46|0x0000000745400000, 0x0000000745400000, 0x0000000745500000|  0%| F|  |TAMS 0x0000000745400000, 0x0000000745400000| Untracked 
|  47|0x0000000745500000, 0x0000000745500000, 0x0000000745600000|  0%| F|  |TAMS 0x0000000745500000, 0x0000000745500000| Untracked 
|  48|0x0000000745600000, 0x0000000745600000, 0x0000000745700000|  0%| F|  |TAMS 0x0000000745600000, 0x0000000745600000| Untracked 
|  49|0x0000000745700000, 0x0000000745700000, 0x0000000745800000|  0%| F|  |TAMS 0x0000000745700000, 0x0000000745700000| Untracked 
|  50|0x0000000745800000, 0x0000000745800000, 0x0000000745900000|  0%| F|  |TAMS 0x0000000745800000, 0x0000000745800000| Untracked 
|  51|0x0000000745900000, 0x0000000745900000, 0x0000000745a00000|  0%| F|  |TAMS 0x0000000745900000, 0x0000000745900000| Untracked 
|  52|0x0000000745a00000, 0x0000000745a00000, 0x0000000745b00000|  0%| F|  |TAMS 0x0000000745a00000, 0x0000000745a00000| Untracked 
|  53|0x0000000745b00000, 0x0000000745b00000, 0x0000000745c00000|  0%| F|  |TAMS 0x0000000745b00000, 0x0000000745b00000| Untracked 
|  54|0x0000000745c00000, 0x0000000745c00000, 0x0000000745d00000|  0%| F|  |TAMS 0x0000000745c00000, 0x0000000745c00000| Untracked 
|  55|0x0000000745d00000, 0x0000000745d00000, 0x0000000745e00000|  0%| F|  |TAMS 0x0000000745d00000, 0x0000000745d00000| Untracked 
|  56|0x0000000745e00000, 0x0000000745e00000, 0x0000000745f00000|  0%| F|  |TAMS 0x0000000745e00000, 0x0000000745e00000| Untracked 
|  57|0x0000000745f00000, 0x0000000745f00000, 0x0000000746000000|  0%| F|  |TAMS 0x0000000745f00000, 0x0000000745f00000| Untracked 
|  58|0x0000000746000000, 0x0000000746000000, 0x0000000746100000|  0%| F|  |TAMS 0x0000000746000000, 0x0000000746000000| Untracked 
|  59|0x0000000746100000, 0x0000000746100000, 0x0000000746200000|  0%| F|  |TAMS 0x0000000746100000, 0x0000000746100000| Untracked 
|  60|0x0000000746200000, 0x0000000746200000, 0x0000000746300000|  0%| F|  |TAMS 0x0000000746200000, 0x0000000746200000| Untracked 
|  61|0x0000000746300000, 0x0000000746300000, 0x0000000746400000|  0%| F|  |TAMS 0x0000000746300000, 0x0000000746300000| Untracked 
|  62|0x0000000746400000, 0x0000000746400000, 0x0000000746500000|  0%| F|  |TAMS 0x0000000746400000, 0x0000000746400000| Untracked 
|  63|0x0000000746500000, 0x0000000746500000, 0x0000000746600000|  0%| F|  |TAMS 0x0000000746500000, 0x0000000746500000| Untracked 
|  64|0x0000000746600000, 0x0000000746600000, 0x0000000746700000|  0%| F|  |TAMS 0x0000000746600000, 0x0000000746600000| Untracked 
|  65|0x0000000746700000, 0x0000000746700000, 0x0000000746800000|  0%| F|  |TAMS 0x0000000746700000, 0x0000000746700000| Untracked 
|  66|0x0000000746800000, 0x0000000746800000, 0x0000000746900000|  0%| F|  |TAMS 0x0000000746800000, 0x0000000746800000| Untracked 
|  67|0x0000000746900000, 0x0000000746900000, 0x0000000746a00000|  0%| F|  |TAMS 0x0000000746900000, 0x0000000746900000| Untracked 
|  68|0x0000000746a00000, 0x0000000746a00000, 0x0000000746b00000|  0%| F|  |TAMS 0x0000000746a00000, 0x0000000746a00000| Untracked 
|  69|0x0000000746b00000, 0x0000000746b00000, 0x0000000746c00000|  0%| F|  |TAMS 0x0000000746b00000, 0x0000000746b00000| Untracked 
|  70|0x0000000746c00000, 0x0000000746c00000, 0x0000000746d00000|  0%| F|  |TAMS 0x0000000746c00000, 0x0000000746c00000| Untracked 
|  71|0x0000000746d00000, 0x0000000746d00000, 0x0000000746e00000|  0%| F|  |TAMS 0x0000000746d00000, 0x0000000746d00000| Untracked 
|  72|0x0000000746e00000, 0x0000000746e00000, 0x0000000746f00000|  0%| F|  |TAMS 0x0000000746e00000, 0x0000000746e00000| Untracked 
|  73|0x0000000746f00000, 0x0000000746f00000, 0x0000000747000000|  0%| F|  |TAMS 0x0000000746f00000, 0x0000000746f00000| Untracked 
|  74|0x0000000747000000, 0x0000000747000000, 0x0000000747100000|  0%| F|  |TAMS 0x0000000747000000, 0x0000000747000000| Untracked 
|  75|0x0000000747100000, 0x0000000747100000, 0x0000000747200000|  0%| F|  |TAMS 0x0000000747100000, 0x0000000747100000| Untracked 
|  76|0x0000000747200000, 0x0000000747200000, 0x0000000747300000|  0%| F|  |TAMS 0x0000000747200000, 0x0000000747200000| Untracked 
|  77|0x0000000747300000, 0x0000000747300000, 0x0000000747400000|  0%| F|  |TAMS 0x0000000747300000, 0x0000000747300000| Untracked 
|  78|0x0000000747400000, 0x0000000747400000, 0x0000000747500000|  0%| F|  |TAMS 0x0000000747400000, 0x0000000747400000| Untracked 
|  79|0x0000000747500000, 0x0000000747500000, 0x0000000747600000|  0%| F|  |TAMS 0x0000000747500000, 0x0000000747500000| Untracked 
|  80|0x0000000747600000, 0x0000000747600000, 0x0000000747700000|  0%| F|  |TAMS 0x0000000747600000, 0x0000000747600000| Untracked 
|  81|0x0000000747700000, 0x0000000747700000, 0x0000000747800000|  0%| F|  |TAMS 0x0000000747700000, 0x0000000747700000| Untracked 
|  82|0x0000000747800000, 0x0000000747800000, 0x0000000747900000|  0%| F|  |TAMS 0x0000000747800000, 0x0000000747800000| Untracked 
|  83|0x0000000747900000, 0x0000000747900000, 0x0000000747a00000|  0%| F|  |TAMS 0x0000000747900000, 0x0000000747900000| Untracked 
|  84|0x0000000747a00000, 0x0000000747a00000, 0x0000000747b00000|  0%| F|  |TAMS 0x0000000747a00000, 0x0000000747a00000| Untracked 
|  85|0x0000000747b00000, 0x0000000747b00000, 0x0000000747c00000|  0%| F|  |TAMS 0x0000000747b00000, 0x0000000747b00000| Untracked 
|  86|0x0000000747c00000, 0x0000000747c00000, 0x0000000747d00000|  0%| F|  |TAMS 0x0000000747c00000, 0x0000000747c00000| Untracked 
|  87|0x0000000747d00000, 0x0000000747d00000, 0x0000000747e00000|  0%| F|  |TAMS 0x0000000747d00000, 0x0000000747d00000| Untracked 
|  88|0x0000000747e00000, 0x0000000747e00000, 0x0000000747f00000|  0%| F|  |TAMS 0x0000000747e00000, 0x0000000747e00000| Untracked 
|  89|0x0000000747f00000, 0x0000000747f00000, 0x0000000748000000|  0%| F|  |TAMS 0x0000000747f00000, 0x0000000747f00000| Untracked 
|  90|0x0000000748000000, 0x0000000748000000, 0x0000000748100000|  0%| F|  |TAMS 0x0000000748000000, 0x0000000748000000| Untracked 
|  91|0x0000000748100000, 0x0000000748100000, 0x0000000748200000|  0%| F|  |TAMS 0x0000000748100000, 0x0000000748100000| Untracked 
|  92|0x0000000748200000, 0x0000000748200000, 0x0000000748300000|  0%| F|  |TAMS 0x0000000748200000, 0x0000000748200000| Untracked 
|  93|0x0000000748300000, 0x0000000748300000, 0x0000000748400000|  0%| F|  |TAMS 0x0000000748300000, 0x0000000748300000| Untracked 
|  94|0x0000000748400000, 0x0000000748400000, 0x0000000748500000|  0%| F|  |TAMS 0x0000000748400000, 0x0000000748400000| Untracked 
|  95|0x0000000748500000, 0x0000000748500000, 0x0000000748600000|  0%| F|  |TAMS 0x0000000748500000, 0x0000000748500000| Untracked 
|  96|0x0000000748600000, 0x0000000748600000, 0x0000000748700000|  0%| F|  |TAMS 0x0000000748600000, 0x0000000748600000| Untracked 
|  97|0x0000000748700000, 0x0000000748700000, 0x0000000748800000|  0%| F|  |TAMS 0x0000000748700000, 0x0000000748700000| Untracked 
|  98|0x0000000748800000, 0x0000000748800000, 0x0000000748900000|  0%| F|  |TAMS 0x0000000748800000, 0x0000000748800000| Untracked 
|  99|0x0000000748900000, 0x0000000748900000, 0x0000000748a00000|  0%| F|  |TAMS 0x0000000748900000, 0x0000000748900000| Untracked 
| 100|0x0000000748a00000, 0x0000000748a00000, 0x0000000748b00000|  0%| F|  |TAMS 0x0000000748a00000, 0x0000000748a00000| Untracked 
| 101|0x0000000748b00000, 0x0000000748b00000, 0x0000000748c00000|  0%| F|  |TAMS 0x0000000748b00000, 0x0000000748b00000| Untracked 
| 102|0x0000000748c00000, 0x0000000748c00000, 0x0000000748d00000|  0%| F|  |TAMS 0x0000000748c00000, 0x0000000748c00000| Untracked 
| 103|0x0000000748d00000, 0x0000000748d00000, 0x0000000748e00000|  0%| F|  |TAMS 0x0000000748d00000, 0x0000000748d00000| Untracked 
| 104|0x0000000748e00000, 0x0000000748e00000, 0x0000000748f00000|  0%| F|  |TAMS 0x0000000748e00000, 0x0000000748e00000| Untracked 
| 105|0x0000000748f00000, 0x0000000748f00000, 0x0000000749000000|  0%| F|  |TAMS 0x0000000748f00000, 0x0000000748f00000| Untracked 
| 106|0x0000000749000000, 0x0000000749000000, 0x0000000749100000|  0%| F|  |TAMS 0x0000000749000000, 0x0000000749000000| Untracked 
| 107|0x0000000749100000, 0x0000000749100000, 0x0000000749200000|  0%| F|  |TAMS 0x0000000749100000, 0x0000000749100000| Untracked 
| 108|0x0000000749200000, 0x0000000749200000, 0x0000000749300000|  0%| F|  |TAMS 0x0000000749200000, 0x0000000749200000| Untracked 
| 109|0x0000000749300000, 0x0000000749300000, 0x0000000749400000|  0%| F|  |TAMS 0x0000000749300000, 0x0000000749300000| Untracked 
| 110|0x0000000749400000, 0x0000000749400000, 0x0000000749500000|  0%| F|  |TAMS 0x0000000749400000, 0x0000000749400000| Untracked 
| 111|0x0000000749500000, 0x0000000749500000, 0x0000000749600000|  0%| F|  |TAMS 0x0000000749500000, 0x0000000749500000| Untracked 
| 112|0x0000000749600000, 0x0000000749600000, 0x0000000749700000|  0%| F|  |TAMS 0x0000000749600000, 0x0000000749600000| Untracked 
| 113|0x0000000749700000, 0x0000000749700000, 0x0000000749800000|  0%| F|  |TAMS 0x0000000749700000, 0x0000000749700000| Untracked 
| 114|0x0000000749800000, 0x0000000749800000, 0x0000000749900000|  0%| F|  |TAMS 0x0000000749800000, 0x0000000749800000| Untracked 
| 115|0x0000000749900000, 0x0000000749900000, 0x0000000749a00000|  0%| F|  |TAMS 0x0000000749900000, 0x0000000749900000| Untracked 
| 116|0x0000000749a00000, 0x0000000749a00000, 0x0000000749b00000|  0%| F|  |TAMS 0x0000000749a00000, 0x0000000749a00000| Untracked 
| 117|0x0000000749b00000, 0x0000000749b00000, 0x0000000749c00000|  0%| F|  |TAMS 0x0000000749b00000, 0x0000000749b00000| Untracked 
| 118|0x0000000749c00000, 0x0000000749c00000, 0x0000000749d00000|  0%| F|  |TAMS 0x0000000749c00000, 0x0000000749c00000| Untracked 
| 119|0x0000000749d00000, 0x0000000749d00000, 0x0000000749e00000|  0%| F|  |TAMS 0x0000000749d00000, 0x0000000749d00000| Untracked 
| 120|0x0000000749e00000, 0x0000000749e00000, 0x0000000749f00000|  0%| F|  |TAMS 0x0000000749e00000, 0x0000000749e00000| Untracked 
| 121|0x0000000749f00000, 0x0000000749f00000, 0x000000074a000000|  0%| F|  |TAMS 0x0000000749f00000, 0x0000000749f00000| Untracked 
| 122|0x000000074a000000, 0x000000074a000000, 0x000000074a100000|  0%| F|  |TAMS 0x000000074a000000, 0x000000074a000000| Untracked 
| 123|0x000000074a100000, 0x000000074a100000, 0x000000074a200000|  0%| F|  |TAMS 0x000000074a100000, 0x000000074a100000| Untracked 
| 124|0x000000074a200000, 0x000000074a200000, 0x000000074a300000|  0%| F|  |TAMS 0x000000074a200000, 0x000000074a200000| Untracked 
| 125|0x000000074a300000, 0x000000074a300000, 0x000000074a400000|  0%| F|  |TAMS 0x000000074a300000, 0x000000074a300000| Untracked 
| 126|0x000000074a400000, 0x000000074a400000, 0x000000074a500000|  0%| F|  |TAMS 0x000000074a400000, 0x000000074a400000| Untracked 
| 127|0x000000074a500000, 0x000000074a500000, 0x000000074a600000|  0%| F|  |TAMS 0x000000074a500000, 0x000000074a500000| Untracked 
| 128|0x000000074a600000, 0x000000074a600000, 0x000000074a700000|  0%| F|  |TAMS 0x000000074a600000, 0x000000074a600000| Untracked 
| 129|0x000000074a700000, 0x000000074a700000, 0x000000074a800000|  0%| F|  |TAMS 0x000000074a700000, 0x000000074a700000| Untracked 
| 130|0x000000074a800000, 0x000000074a800000, 0x000000074a900000|  0%| F|  |TAMS 0x000000074a800000, 0x000000074a800000| Untracked 
| 131|0x000000074a900000, 0x000000074a900000, 0x000000074aa00000|  0%| F|  |TAMS 0x000000074a900000, 0x000000074a900000| Untracked 
| 132|0x000000074aa00000, 0x000000074aa00000, 0x000000074ab00000|  0%| F|  |TAMS 0x000000074aa00000, 0x000000074aa00000| Untracked 
| 133|0x000000074ab00000, 0x000000074ab00000, 0x000000074ac00000|  0%| F|  |TAMS 0x000000074ab00000, 0x000000074ab00000| Untracked 
| 134|0x000000074ac00000, 0x000000074ac00000, 0x000000074ad00000|  0%| F|  |TAMS 0x000000074ac00000, 0x000000074ac00000| Untracked 
| 135|0x000000074ad00000, 0x000000074ad00000, 0x000000074ae00000|  0%| F|  |TAMS 0x000000074ad00000, 0x000000074ad00000| Untracked 
| 136|0x000000074ae00000, 0x000000074ae00000, 0x000000074af00000|  0%| F|  |TAMS 0x000000074ae00000, 0x000000074ae00000| Untracked 
| 137|0x000000074af00000, 0x000000074af00000, 0x000000074b000000|  0%| F|  |TAMS 0x000000074af00000, 0x000000074af00000| Untracked 
| 138|0x000000074b000000, 0x000000074b000000, 0x000000074b100000|  0%| F|  |TAMS 0x000000074b000000, 0x000000074b000000| Untracked 
| 139|0x000000074b100000, 0x000000074b100000, 0x000000074b200000|  0%| F|  |TAMS 0x000000074b100000, 0x000000074b100000| Untracked 
| 140|0x000000074b200000, 0x000000074b200000, 0x000000074b300000|  0%| F|  |TAMS 0x000000074b200000, 0x000000074b200000| Untracked 
| 141|0x000000074b300000, 0x000000074b300000, 0x000000074b400000|  0%| F|  |TAMS 0x000000074b300000, 0x000000074b300000| Untracked 
| 142|0x000000074b400000, 0x000000074b400000, 0x000000074b500000|  0%| F|  |TAMS 0x000000074b400000, 0x000000074b400000| Untracked 
| 143|0x000000074b500000, 0x000000074b500000, 0x000000074b600000|  0%| F|  |TAMS 0x000000074b500000, 0x000000074b500000| Untracked 
| 144|0x000000074b600000, 0x000000074b600000, 0x000000074b700000|  0%| F|  |TAMS 0x000000074b600000, 0x000000074b600000| Untracked 
| 145|0x000000074b700000, 0x000000074b700000, 0x000000074b800000|  0%| F|  |TAMS 0x000000074b700000, 0x000000074b700000| Untracked 
| 146|0x000000074b800000, 0x000000074b800000, 0x000000074b900000|  0%| F|  |TAMS 0x000000074b800000, 0x000000074b800000| Untracked 
| 147|0x000000074b900000, 0x000000074b900000, 0x000000074ba00000|  0%| F|  |TAMS 0x000000074b900000, 0x000000074b900000| Untracked 
| 148|0x000000074ba00000, 0x000000074ba00000, 0x000000074bb00000|  0%| F|  |TAMS 0x000000074ba00000, 0x000000074ba00000| Untracked 
| 149|0x000000074bb00000, 0x000000074bb00000, 0x000000074bc00000|  0%| F|  |TAMS 0x000000074bb00000, 0x000000074bb00000| Untracked 
| 150|0x000000074bc00000, 0x000000074bc00000, 0x000000074bd00000|  0%| F|  |TAMS 0x000000074bc00000, 0x000000074bc00000| Untracked 
| 151|0x000000074bd00000, 0x000000074bd00000, 0x000000074be00000|  0%| F|  |TAMS 0x000000074bd00000, 0x000000074bd00000| Untracked 
| 152|0x000000074be00000, 0x000000074be00000, 0x000000074bf00000|  0%| F|  |TAMS 0x000000074be00000, 0x000000074be00000| Untracked 
| 153|0x000000074bf00000, 0x000000074bf00000, 0x000000074c000000|  0%| F|  |TAMS 0x000000074bf00000, 0x000000074bf00000| Untracked 
| 154|0x000000074c000000, 0x000000074c000000, 0x000000074c100000|  0%| F|  |TAMS 0x000000074c000000, 0x000000074c000000| Untracked 
| 155|0x000000074c100000, 0x000000074c100000, 0x000000074c200000|  0%| F|  |TAMS 0x000000074c100000, 0x000000074c100000| Untracked 
| 156|0x000000074c200000, 0x000000074c200000, 0x000000074c300000|  0%| F|  |TAMS 0x000000074c200000, 0x000000074c200000| Untracked 
| 157|0x000000074c300000, 0x000000074c300000, 0x000000074c400000|  0%| F|  |TAMS 0x000000074c300000, 0x000000074c300000| Untracked 
| 158|0x000000074c400000, 0x000000074c400000, 0x000000074c500000|  0%| F|  |TAMS 0x000000074c400000, 0x000000074c400000| Untracked 
| 159|0x000000074c500000, 0x000000074c500000, 0x000000074c600000|  0%| F|  |TAMS 0x000000074c500000, 0x000000074c500000| Untracked 
| 160|0x000000074c600000, 0x000000074c600000, 0x000000074c700000|  0%| F|  |TAMS 0x000000074c600000, 0x000000074c600000| Untracked 
| 161|0x000000074c700000, 0x000000074c700000, 0x000000074c800000|  0%| F|  |TAMS 0x000000074c700000, 0x000000074c700000| Untracked 
| 162|0x000000074c800000, 0x000000074c800000, 0x000000074c900000|  0%| F|  |TAMS 0x000000074c800000, 0x000000074c800000| Untracked 
| 163|0x000000074c900000, 0x000000074c900000, 0x000000074ca00000|  0%| F|  |TAMS 0x000000074c900000, 0x000000074c900000| Untracked 
| 164|0x000000074ca00000, 0x000000074ca00000, 0x000000074cb00000|  0%| F|  |TAMS 0x000000074ca00000, 0x000000074ca00000| Untracked 
| 165|0x000000074cb00000, 0x000000074cb00000, 0x000000074cc00000|  0%| F|  |TAMS 0x000000074cb00000, 0x000000074cb00000| Untracked 
| 166|0x000000074cc00000, 0x000000074cc00000, 0x000000074cd00000|  0%| F|  |TAMS 0x000000074cc00000, 0x000000074cc00000| Untracked 
| 167|0x000000074cd00000, 0x000000074cd00000, 0x000000074ce00000|  0%| F|  |TAMS 0x000000074cd00000, 0x000000074cd00000| Untracked 
| 168|0x000000074ce00000, 0x000000074ce00000, 0x000000074cf00000|  0%| F|  |TAMS 0x000000074ce00000, 0x000000074ce00000| Untracked 
| 169|0x000000074cf00000, 0x000000074cf00000, 0x000000074d000000|  0%| F|  |TAMS 0x000000074cf00000, 0x000000074cf00000| Untracked 
| 170|0x000000074d000000, 0x000000074d000000, 0x000000074d100000|  0%| F|  |TAMS 0x000000074d000000, 0x000000074d000000| Untracked 
| 171|0x000000074d100000, 0x000000074d100000, 0x000000074d200000|  0%| F|  |TAMS 0x000000074d100000, 0x000000074d100000| Untracked 
| 172|0x000000074d200000, 0x000000074d200000, 0x000000074d300000|  0%| F|  |TAMS 0x000000074d200000, 0x000000074d200000| Untracked 
| 173|0x000000074d300000, 0x000000074d300000, 0x000000074d400000|  0%| F|  |TAMS 0x000000074d300000, 0x000000074d300000| Untracked 
| 174|0x000000074d400000, 0x000000074d400000, 0x000000074d500000|  0%| F|  |TAMS 0x000000074d400000, 0x000000074d400000| Untracked 
| 175|0x000000074d500000, 0x000000074d500000, 0x000000074d600000|  0%| F|  |TAMS 0x000000074d500000, 0x000000074d500000| Untracked 
| 176|0x000000074d600000, 0x000000074d600000, 0x000000074d700000|  0%| F|  |TAMS 0x000000074d600000, 0x000000074d600000| Untracked 
| 177|0x000000074d700000, 0x000000074d800000, 0x000000074d800000|100%| E|  |TAMS 0x000000074d700000, 0x000000074d700000| Complete 
| 178|0x000000074d800000, 0x000000074d900000, 0x000000074d900000|100%| E|CS|TAMS 0x000000074d800000, 0x000000074d800000| Complete 
| 179|0x000000074d900000, 0x000000074da00000, 0x000000074da00000|100%| E|CS|TAMS 0x000000074d900000, 0x000000074d900000| Complete 
| 180|0x000000074da00000, 0x000000074db00000, 0x000000074db00000|100%| E|CS|TAMS 0x000000074da00000, 0x000000074da00000| Complete 
| 181|0x000000074db00000, 0x000000074dc00000, 0x000000074dc00000|100%| S|CS|TAMS 0x000000074db00000, 0x000000074db00000| Complete 
| 182|0x000000074dc00000, 0x000000074dd00000, 0x000000074dd00000|100%| S|CS|TAMS 0x000000074dc00000, 0x000000074dc00000| Complete 
| 183|0x000000074dd00000, 0x000000074de00000, 0x000000074de00000|100%| E|CS|TAMS 0x000000074dd00000, 0x000000074dd00000| Complete 
| 184|0x000000074de00000, 0x000000074df00000, 0x000000074df00000|100%| E|CS|TAMS 0x000000074de00000, 0x000000074de00000| Complete 
| 185|0x000000074df00000, 0x000000074e000000, 0x000000074e000000|100%| E|CS|TAMS 0x000000074df00000, 0x000000074df00000| Complete 
| 186|0x000000074e000000, 0x000000074e100000, 0x000000074e100000|100%| E|CS|TAMS 0x000000074e000000, 0x000000074e000000| Complete 
| 187|0x000000074e100000, 0x000000074e200000, 0x000000074e200000|100%| E|CS|TAMS 0x000000074e100000, 0x000000074e100000| Complete 
| 188|0x000000074e200000, 0x000000074e300000, 0x000000074e300000|100%| E|CS|TAMS 0x000000074e200000, 0x000000074e200000| Complete 
| 189|0x000000074e300000, 0x000000074e400000, 0x000000074e400000|100%| E|CS|TAMS 0x000000074e300000, 0x000000074e300000| Complete 

Card table byte_map: [0x000001a564570000,0x000001a564b60000] _byte_map_base: 0x000001a560b5d000

Marking Bits (Prev, Next): (CMBitMap*) 0x000001a54c56dd68, (CMBitMap*) 0x000001a54c56dda0
 Prev Bits: [0x000001a565150000, 0x000001a5680b8000)
 Next Bits: [0x000001a5680c0000, 0x000001a56b028000)

Polling page: 0x000001a54a460000

Metaspace:

Usage:
  Non-class:      9.91 MB capacity,     9.80 MB ( 99%) used,    90.27 KB ( <1%) free+waste,    14.13 KB ( <1%) overhead. 
      Class:      1.09 MB capacity,     1.04 MB ( 96%) used,    40.27 KB (  4%) free+waste,     6.44 KB ( <1%) overhead. 
       Both:     10.99 MB capacity,    10.85 MB ( 99%) used,   130.54 KB (  1%) free+waste,    20.56 KB ( <1%) overhead. 

Virtual space:
  Non-class space:       10.00 MB reserved,      10.00 MB (100%) committed 
      Class space:        1.00 GB reserved,       1.13 MB ( <1%) committed 
             Both:        1.01 GB reserved,      11.13 MB (  1%) committed 

Chunk freelists:
   Non-Class:  32.00 KB
       Class:  6.00 KB
        Both:  38.00 KB

MaxMetaspaceSize: 17179869184.00 GB
CompressedClassSpaceSize: 1.00 GB
Initial GC threshold: 20.80 MB
Current GC threshold: 20.80 MB
CDS: off

CodeHeap 'non-profiled nmethods': size=120000Kb used=411Kb max_used=411Kb free=119589Kb
 bounds [0x000001a55c710000, 0x000001a55c980000, 0x000001a563c40000]
CodeHeap 'profiled nmethods': size=120000Kb used=1210Kb max_used=1210Kb free=118789Kb
 bounds [0x000001a5551e0000, 0x000001a555450000, 0x000001a55c710000]
CodeHeap 'non-nmethods': size=5760Kb used=1135Kb max_used=1151Kb free=4624Kb
 bounds [0x000001a554c40000, 0x000001a554eb0000, 0x000001a5551e0000]
 total_blobs=1198 nmethods=816 adapters=295
 compilation: enabled
              stopped_count=0, restarted_count=0
 full_count=0

Compilation events (20 events):
Event: 0.643 Thread 0x000001a56e344800 nmethod 778 0x000001a555301c90 code [0x000001a555301e40, 0x000001a555301f98]
Event: 0.643 Thread 0x000001a56e344800  773       3       java.lang.invoke.MethodType::methodType (9 bytes)
Event: 0.643 Thread 0x000001a56e344800 nmethod 773 0x000001a555302010 code [0x000001a5553021c0, 0x000001a5553022e8]
Event: 0.643 Thread 0x000001a56e344800  781       3       java.lang.invoke.InvokerBytecodeGenerator::storeInsnOpcode (86 bytes)
Event: 0.644 Thread 0x000001a56e344800 nmethod 781 0x000001a555302390 code [0x000001a555302620, 0x000001a555303158]
Event: 0.644 Thread 0x000001a56e344800  782       3       jdk.internal.org.objectweb.asm.MethodWriter::visitFieldInsn (256 bytes)
Event: 0.644 Thread 0x000001a56e346000 nmethod 775 0x000001a55c775290 code [0x000001a55c775440, 0x000001a55c775588]
Event: 0.645 Thread 0x000001a56e344800 nmethod 782 0x000001a555303510 code [0x000001a555303780, 0x000001a5553042e8]
Event: 0.645 Thread 0x000001a56e344800  783       3       jdk.internal.org.objectweb.asm.ClassWriter::newFieldItem (77 bytes)
Event: 0.646 Thread 0x000001a56e344800 nmethod 783 0x000001a555304690 code [0x000001a5553048e0, 0x000001a555304e58]
Event: 0.646 Thread 0x000001a56e344800  788       3       java.nio.ByteBuffer::position (8 bytes)
Event: 0.646 Thread 0x000001a56e344800 nmethod 788 0x000001a555305190 code [0x000001a555305340, 0x000001a555305488]
Event: 0.646 Thread 0x000001a56e344800  787       1       java.nio.DirectByteBuffer::address (5 bytes)
Event: 0.646 Thread 0x000001a56e344800 nmethod 787 0x000001a55c775710 code [0x000001a55c7758c0, 0x000001a55c775978]
Event: 0.646 Thread 0x000001a56e344800  784       3       java.lang.AbstractStringBuilder::append (33 bytes)
Event: 0.646 Thread 0x000001a56e344800 nmethod 784 0x000001a555305510 code [0x000001a5553056e0, 0x000001a5553058c8]
Event: 0.646 Thread 0x000001a56e344800  789       3       jdk.internal.org.objectweb.asm.ByteVector::<init> (13 bytes)
Event: 0.646 Thread 0x000001a56e344800 nmethod 789 0x000001a555305a10 code [0x000001a555305bc0, 0x000001a555305e38]
Event: 0.646 Thread 0x000001a56e344800  790       3       jdk.internal.org.objectweb.asm.ByteVector::putByteArray (49 bytes)
Event: 0.646 Thread 0x000001a56e344800 nmethod 790 0x000001a555305f10 code [0x000001a5553060e0, 0x000001a5553063b8]

GC Heap History (4 events):
Event: 0.286 GC heap before
{Heap before GC invocations=0 (full 0):
 garbage-first heap   total 194560K, used 45056K [0x0000000742600000, 0x0000000800000000)
  region size 1024K, 24 young (24576K), 0 survivors (0K)
 Metaspace       used 5556K, capacity 5598K, committed 5888K, reserved 1056768K
  class space    used 453K, capacity 458K, committed 512K, reserved 1048576K
}
Event: 0.296 GC heap after
{Heap after GC invocations=1 (full 0):
 garbage-first heap   total 194560K, used 21361K [0x0000000742600000, 0x0000000800000000)
  region size 1024K, 3 young (3072K), 3 survivors (3072K)
 Metaspace       used 5556K, capacity 5598K, committed 5888K, reserved 1056768K
  class space    used 453K, capacity 458K, committed 512K, reserved 1048576K
}
Event: 0.376 GC heap before
{Heap before GC invocations=1 (full 0):
 garbage-first heap   total 194560K, used 28529K [0x0000000742600000, 0x0000000800000000)
  region size 1024K, 10 young (10240K), 3 survivors (3072K)
 Metaspace       used 7123K, capacity 7169K, committed 7296K, reserved 1056768K
  class space    used 603K, capacity 619K, committed 640K, reserved 1048576K
}
Event: 0.383 GC heap after
{Heap after GC invocations=2 (full 0):
 garbage-first heap   total 194560K, used 26289K [0x0000000742600000, 0x0000000800000000)
  region size 1024K, 2 young (2048K), 2 survivors (2048K)
 Metaspace       used 7123K, capacity 7169K, committed 7296K, reserved 1056768K
  class space    used 603K, capacity 619K, committed 640K, reserved 1048576K
}

Deoptimization events (20 events):
Event: 0.492 Thread 0x000001a54c51c800 DEOPT PACKING pc=0x000001a55c754bc8 sp=0x00000005789fe310
Event: 0.492 Thread 0x000001a54c51c800 DEOPT UNPACKING pc=0x000001a554c8a1af sp=0x00000005789fe290 mode 2
Event: 0.493 Thread 0x000001a54c51c800 Uncommon trap: trap_request=0xffffff4d fr.pc=0x000001a55c756b38 relative=0x0000000000000478
Event: 0.493 Thread 0x000001a54c51c800 Uncommon trap: reason=unstable_if action=reinterpret pc=0x000001a55c756b38 method=java.util.Hashtable.get(Ljava/lang/Object;)Ljava/lang/Object; @ 36 c2
Event: 0.493 Thread 0x000001a54c51c800 DEOPT PACKING pc=0x000001a55c756b38 sp=0x00000005789fe2e0
Event: 0.493 Thread 0x000001a54c51c800 DEOPT UNPACKING pc=0x000001a554c8a1af sp=0x00000005789fe288 mode 2
Event: 0.498 Thread 0x000001a54c51c800 Uncommon trap: trap_request=0xffffff4d fr.pc=0x000001a55c71a994 relative=0x0000000000000074
Event: 0.498 Thread 0x000001a54c51c800 Uncommon trap: reason=unstable_if action=reinterpret pc=0x000001a55c71a994 method=java.lang.String.isLatin1()Z @ 10 c2
Event: 0.498 Thread 0x000001a54c51c800 DEOPT PACKING pc=0x000001a55c71a994 sp=0x00000005789ff040
Event: 0.498 Thread 0x000001a54c51c800 DEOPT UNPACKING pc=0x000001a554c8a1af sp=0x00000005789fef80 mode 2
Event: 0.499 Thread 0x000001a54c51c800 Uncommon trap: trap_request=0xffffff4d fr.pc=0x000001a55c757124 relative=0x00000000000000e4
Event: 0.500 Thread 0x000001a54c51c800 Uncommon trap: reason=unstable_if action=reinterpret pc=0x000001a55c757124 method=java.lang.String.startsWith(Ljava/lang/String;I)Z @ 69 c2
Event: 0.500 Thread 0x000001a54c51c800 DEOPT PACKING pc=0x000001a55c757124 sp=0x00000005789fe040
Event: 0.500 Thread 0x000001a54c51c800 DEOPT UNPACKING pc=0x000001a554c8a1af sp=0x00000005789fdf50 mode 2
Event: 0.534 Thread 0x000001a54c51c800 Uncommon trap: trap_request=0xffffff4d fr.pc=0x000001a55c729ba0 relative=0x00000000000002c0
Event: 0.534 Thread 0x000001a54c51c800 Uncommon trap: reason=unstable_if action=reinterpret pc=0x000001a55c729ba0 method=java.util.HashMap.getNode(ILjava/lang/Object;)Ljava/util/HashMap$Node; @ 116 c2
Event: 0.534 Thread 0x000001a54c51c800 DEOPT PACKING pc=0x000001a55c729ba0 sp=0x00000005789fe0e0
Event: 0.534 Thread 0x000001a54c51c800 DEOPT UNPACKING pc=0x000001a554c8a1af sp=0x00000005789fdf80 mode 2
Event: 0.535 Thread 0x000001a54c51c800 DEOPT PACKING pc=0x000001a555252aa4 sp=0x00000005789fc7d0
Event: 0.535 Thread 0x000001a54c51c800 DEOPT UNPACKING pc=0x000001a554c8a95e sp=0x00000005789fbc68 mode 0

Classes redefined (0 events):
No events

Internal exceptions (7 events):
Event: 0.363 Thread 0x000001a54c51c800 Implicit null exception at 0x000001a55c723e78 to 0x000001a55c723f54
Event: 0.606 Thread 0x000001a54c51c800 Exception <a 'java/lang/NoSuchMethodError'{0x000000074d88b380}: 'int java.lang.invoke.DirectMethodHandle$Holder.invokeSpecialIFC(java.lang.Object, java.lang.Object, int)'> (0x000000074d88b380) thrown at [./src/hotspot/share/interpreter/linkResolver.cpp, line 773]
Event: 0.628 Thread 0x000001a54c51c800 Exception <a 'java/lang/NoSuchMethodError'{0x000000074d711b40}: 'java.lang.Object java.lang.invoke.DirectMethodHandle$Holder.invokeStatic(java.lang.Object, java.lang.Object, java.lang.Object, java.lang.Object, java.lang.Object, java.lang.Object, java.lang.Object, java.lang.Object, java.lang.Object, java.lang.Object, java.lang.Object, java.lang.Object, java.lang.Object, java.lang.Object, java.lang.Object)'> (0x000000074d711b40) thrown at [./src/hotspot/share/interpreter/linkResolver.cpp, line 773]
Event: 0.630 Thread 0x000001a54c51c800 Exception <a 'java/lang/NoSuchMethodError'{0x000000074d71f8a0}: 'java.lang.Object java.lang.invoke.DirectMethodHandle$Holder.invokeStatic(java.lang.Object, java.lang.Object, java.lang.Object, java.lang.Object, java.lang.Object, java.lang.Object, java.lang.Object, java.lang.Object, java.lang.Object, java.lang.Object, java.lang.Object, java.lang.Object, java.lang.Object, java.lang.Object, java.lang.Object, java.lang.Object)'> (0x000000074d71f8a0) thrown at [./src/hotspot/share/interpreter/linkResolver.cpp, l
Event: 0.632 Thread 0x000001a54c51c800 Exception <a 'java/lang/NoSuchMethodError'{0x000000074d72d510}: 'java.lang.Object java.lang.invoke.DirectMethodHandle$Holder.invokeSpecial(java.lang.Object, java.lang.Object, int, int, java.lang.Object, java.lang.Object, java.lang.Object)'> (0x000000074d72d510) thrown at [./src/hotspot/share/interpreter/linkResolver.cpp, line 773]
Event: 0.632 Thread 0x000001a54c51c800 Exception <a 'java/lang/NoSuchMethodError'{0x000000074d730aa0}: 'java.lang.Object java.lang.invoke.DelegatingMethodHandle$Holder.reinvoke_L(java.lang.Object, int, int, java.lang.Object, java.lang.Object, java.lang.Object)'> (0x000000074d730aa0) thrown at [./src/hotspot/share/interpreter/linkResolver.cpp, line 773]
Event: 0.633 Thread 0x000001a54c51c800 Exception <a 'java/lang/NoSuchMethodError'{0x000000074d734e28}: 'java.lang.Object java.lang.invoke.DirectMethodHandle$Holder.invokeStatic(java.lang.Object, java.lang.Object, java.lang.Object, java.lang.Object, int)'> (0x000000074d734e28) thrown at [./src/hotspot/share/interpreter/linkResolver.cpp, line 773]

Events (20 events):
Event: 0.647 loading class com/sun/org/apache/xerces/internal/jaxp/DocumentBuilderImpl
Event: 0.647 loading class com/sun/org/apache/xerces/internal/jaxp/JAXPConstants
Event: 0.647 loading class com/sun/org/apache/xerces/internal/jaxp/JAXPConstants done
Event: 0.647 loading class javax/xml/parsers/DocumentBuilder
Event: 0.647 loading class javax/xml/parsers/DocumentBuilder done
Event: 0.647 loading class com/sun/org/apache/xerces/internal/jaxp/DocumentBuilderImpl done
Event: 0.647 loading class com/sun/org/apache/xerces/internal/parsers/DOMParser
Event: 0.648 loading class com/sun/org/apache/xerces/internal/parsers/AbstractDOMParser
Event: 0.648 loading class com/sun/org/apache/xerces/internal/parsers/AbstractXMLDocumentParser
Event: 0.648 loading class com/sun/org/apache/xerces/internal/xni/XMLDocumentHandler
Event: 0.648 loading class com/sun/org/apache/xerces/internal/xni/XMLDocumentHandler done
Event: 0.648 loading class com/sun/org/apache/xerces/internal/xni/XMLDTDHandler
Event: 0.649 loading class com/sun/org/apache/xerces/internal/xni/XMLDTDHandler done
Event: 0.649 loading class com/sun/org/apache/xerces/internal/xni/XMLDTDContentModelHandler
Event: 0.649 loading class com/sun/org/apache/xerces/internal/xni/XMLDTDContentModelHandler done
Event: 0.649 loading class com/sun/org/apache/xerces/internal/parsers/XMLParser
Event: 0.649 loading class com/sun/org/apache/xerces/internal/parsers/XMLParser done
Event: 0.649 loading class com/sun/org/apache/xerces/internal/parsers/AbstractXMLDocumentParser done
Event: 0.649 loading class com/sun/org/apache/xerces/internal/parsers/AbstractDOMParser done
Event: 0.649 loading class com/sun/org/apache/xerces/internal/parsers/DOMParser done


Dynamic libraries:
0x00007ff72e7d0000 - 0x00007ff72e7dd000 	C:\Program Files\Microsoft\jdk-11.0.12.7-hotspot\bin\java.exe
0x00007ffb845f0000 - 0x00007ffb847e7000 	C:\WINDOWS\SYSTEM32\ntdll.dll
0x00007ffb83120000 - 0x00007ffb831dd000 	C:\WINDOWS\System32\KERNEL32.DLL
0x00007ffb81d10000 - 0x00007ffb81fdd000 	C:\WINDOWS\System32\KERNELBASE.dll
0x00007ffb82550000 - 0x00007ffb82650000 	C:\WINDOWS\System32\ucrtbase.dll
0x00007ffb3c360000 - 0x00007ffb3c375000 	C:\Program Files\Microsoft\jdk-11.0.12.7-hotspot\bin\VCRUNTIME140.dll
0x00007ffb5f020000 - 0x00007ffb5f037000 	C:\Program Files\Microsoft\jdk-11.0.12.7-hotspot\bin\jli.dll
0x00007ffb83d10000 - 0x00007ffb83eb0000 	C:\WINDOWS\System32\USER32.dll
0x00007ffb82470000 - 0x00007ffb82492000 	C:\WINDOWS\System32\win32u.dll
0x00007ffb75480000 - 0x00007ffb7571a000 	C:\WINDOWS\WinSxS\amd64_microsoft.windows.common-controls_6595b64144ccf1df_6.0.19041.1110_none_60b5254171f9507e\COMCTL32.dll
0x00007ffb84330000 - 0x00007ffb8435a000 	C:\WINDOWS\System32\GDI32.dll
0x00007ffb82650000 - 0x00007ffb826ee000 	C:\WINDOWS\System32\msvcrt.dll
0x00007ffb822c0000 - 0x00007ffb823cb000 	C:\WINDOWS\System32\gdi32full.dll
0x00007ffb823d0000 - 0x00007ffb8246d000 	C:\WINDOWS\System32\msvcp_win.dll
0x00007ffb84580000 - 0x00007ffb845b0000 	C:\WINDOWS\System32\IMM32.DLL
0x00007ffaee180000 - 0x00007ffaee21b000 	C:\Program Files\Microsoft\jdk-11.0.12.7-hotspot\bin\msvcp140.dll
0x00007ffa9f840000 - 0x00007ffaa03a1000 	C:\Program Files\Microsoft\jdk-11.0.12.7-hotspot\bin\server\jvm.dll
0x00007ffb834b0000 - 0x00007ffb8355e000 	C:\WINDOWS\System32\ADVAPI32.dll
0x00007ffb82780000 - 0x00007ffb8281c000 	C:\WINDOWS\System32\sechost.dll
0x00007ffb84450000 - 0x00007ffb84575000 	C:\WINDOWS\System32\RPCRT4.dll
0x00007ffb83eb0000 - 0x00007ffb83eb8000 	C:\WINDOWS\System32\PSAPI.DLL
0x00007ffb62f50000 - 0x00007ffb62f59000 	C:\WINDOWS\SYSTEM32\WSOCK32.dll
0x00007ffb83310000 - 0x00007ffb8337b000 	C:\WINDOWS\System32\WS2_32.dll
0x00007ffb66370000 - 0x00007ffb66397000 	C:\WINDOWS\SYSTEM32\WINMM.dll
0x00007ffb7c200000 - 0x00007ffb7c20a000 	C:\WINDOWS\SYSTEM32\VERSION.dll
0x00007ffb805a0000 - 0x00007ffb805b2000 	C:\WINDOWS\SYSTEM32\kernel.appcore.dll
0x00007ffb5b740000 - 0x00007ffb5b750000 	C:\Program Files\Microsoft\jdk-11.0.12.7-hotspot\bin\verify.dll
0x00007ffb7fb10000 - 0x00007ffb7fcf4000 	C:\WINDOWS\SYSTEM32\DBGHELP.DLL
0x00007ffb74780000 - 0x00007ffb747ac000 	C:\WINDOWS\SYSTEM32\dbgcore.DLL
0x00007ffb82170000 - 0x00007ffb821f2000 	C:\WINDOWS\System32\bcryptPrimitives.dll
0x00007ffb279d0000 - 0x00007ffb279f8000 	C:\Program Files\Microsoft\jdk-11.0.12.7-hotspot\bin\java.dll
0x00007ffb5b0a0000 - 0x00007ffb5b0aa000 	C:\Program Files\Microsoft\jdk-11.0.12.7-hotspot\bin\jimage.dll
0x00007ffb324c0000 - 0x00007ffb324d7000 	C:\Program Files\Microsoft\jdk-11.0.12.7-hotspot\bin\zip.dll
0x00007ffb83560000 - 0x00007ffb83ca4000 	C:\WINDOWS\System32\SHELL32.dll
0x00007ffb7fdf0000 - 0x00007ffb80584000 	C:\WINDOWS\SYSTEM32\windows.storage.dll
0x00007ffb82dc0000 - 0x00007ffb83114000 	C:\WINDOWS\System32\combase.dll
0x00007ffb81770000 - 0x00007ffb8179c000 	C:\WINDOWS\SYSTEM32\Wldp.dll
0x00007ffb83260000 - 0x00007ffb8330d000 	C:\WINDOWS\System32\SHCORE.dll
0x00007ffb83cb0000 - 0x00007ffb83d05000 	C:\WINDOWS\System32\shlwapi.dll
0x00007ffb81c50000 - 0x00007ffb81c6f000 	C:\WINDOWS\SYSTEM32\profapi.dll
0x00007ffb2c5a0000 - 0x00007ffb2c5b9000 	C:\Program Files\Microsoft\jdk-11.0.12.7-hotspot\bin\net.dll
0x00007ffb77ef0000 - 0x00007ffb77ffa000 	C:\WINDOWS\SYSTEM32\WINHTTP.dll
0x00007ffb814d0000 - 0x00007ffb8153a000 	C:\WINDOWS\system32\mswsock.dll
0x00007ffb29f70000 - 0x00007ffb29f82000 	C:\Program Files\Microsoft\jdk-11.0.12.7-hotspot\bin\nio.dll

dbghelp: loaded successfully - version: 4.0.5 - missing functions: none
symbol engine: initialized successfully - sym options: 0x614 - pdb path: .;C:\Program Files\Microsoft\jdk-11.0.12.7-hotspot\bin;C:\WINDOWS\SYSTEM32;C:\WINDOWS\WinSxS\amd64_microsoft.windows.common-controls_6595b64144ccf1df_6.0.19041.1110_none_60b5254171f9507e;C:\Program Files\Microsoft\jdk-11.0.12.7-hotspot\bin\server

VM Arguments:
java_command: com.xamarin.manifestmerger.Main obj\Debug\120\android\manifestmerger.rsp
java_class_path (initial): C:\Program Files\Microsoft Visual Studio\2022\Community\MSBuild\Xamarin\Android\manifestmerger.jar
Launcher Type: SUN_STANDARD

[Global flags]
     intx CICompilerCount                          = 4                                         {product} {ergonomic}
     uint ConcGCThreads                            = 2                                         {product} {ergonomic}
     uint G1ConcRefinementThreads                  = 8                                         {product} {ergonomic}
   size_t G1HeapRegionSize                         = 1048576                                   {product} {ergonomic}
    uintx GCDrainStackTargetSize                   = 64                                        {product} {ergonomic}
   size_t InitialHeapSize                          = 199229440                                 {product} {ergonomic}
   size_t MarkStackSize                            = 4194304                                   {product} {ergonomic}
   size_t MaxHeapSize                              = 3181379584                                {product} {ergonomic}
   size_t MaxNewSize                               = 1908408320                                {product} {ergonomic}
   size_t MinHeapDeltaBytes                        = 1048576                                   {product} {ergonomic}
    uintx NonNMethodCodeHeapSize                   = 5836300                                {pd product} {ergonomic}
    uintx NonProfiledCodeHeapSize                  = 122910970                              {pd product} {ergonomic}
    uintx ProfiledCodeHeapSize                     = 122910970                              {pd product} {ergonomic}
    uintx ReservedCodeCacheSize                    = 251658240                              {pd product} {ergonomic}
     bool SegmentedCodeCache                       = true                                      {product} {ergonomic}
     bool UseCompressedClassPointers               = true                                 {lp64_product} {ergonomic}
     bool UseCompressedOops                        = true                                 {lp64_product} {ergonomic}
     bool UseG1GC                                  = true                                      {product} {ergonomic}
     bool UseLargePagesIndividualAllocation        = false                                  {pd product} {ergonomic}

Logging:
Log output configuration:
 #0: stdout all=warning uptime,level,tags
 #1: stderr all=off uptime,level,tags

Environment Variables:
PATH=C:\Program Files\Microsoft\jdk-11.0.12.7-hotspot\bin;C:\Python310\Scripts\;C:\Python310\;C:\Program Files (x86)\Common Files\Oracle\Java\javapath;C:\windows\system32;C:\windows;C:\windows\System32\Wbem;C:\windows\System32\WindowsPowerShell\v1.0\;C:\windows\System32\OpenSSH\;C:\Program Files (x86)\NVIDIA Corporation\PhysX\Common;C:\Program Files\NVIDIA Corporation\NVIDIA NvDLISR;C:\MinGW\bin;C:\Program Files\Microsoft SQL Server\130\Tools\Binn\;C:\Windows\Microsoft.NET\Framework64\v4.0.30319;C:\ProgramData\chocolatey\bin;C:\Program Files\Git\cmd;C:\WINDOWS\system32;C:\WINDOWS;C:\WINDOWS\System32\Wbem;C:\WINDOWS\System32\WindowsPowerShell\v1.0\;C:\WINDOWS\System32\OpenSSH\;C:\php8;C:\Program Files\Microsoft SQL Server\150\Tools\Binn\;C:\Program Files\nodejs\;C:\Program Files\Microsoft SQL Server\Client SDK\ODBC\170\Tools\Binn\;C:\Program Files\dotnet\;%PATH;C:\WebDriver\bin%;C:\Users\amade\AppData\Local\Programs\Microsoft VS Code\bin
USERNAME=amade
OS=Windows_NT
PROCESSOR_IDENTIFIER=Intel64 Family 6 Model 158 Stepping 10, GenuineIntel



---------------  S Y S T E M  ---------------

OS: Windows 10 , 64 bit Build 19041 (10.0.19041.1741)
OS uptime: 5 days 15:49 hours

CPU:total 8 (initial active 8) (4 cores per cpu, 2 threads per core) family 6 model 158 stepping 10 microcode 0xca, cmov, cx8, fxsr, mmx, sse, sse2, sse3, ssse3, sse4.1, sse4.2, popcnt, avx, avx2, aes, clmul, erms, 3dnowpref, lzcnt, ht, tsc, tscinvbit, bmi1, bmi2, adx, fma

Memory: 4k page, system-wide physical 12129M (636M free)
TotalPageFile size 35576M (AvailPageFile size 3M)
current process WorkingSet (physical memory assigned to process): 104M, peak: 104M
current process commit charge ("private bytes"): 287M, peak: 287M

vm_info: OpenJDK 64-Bit Server VM (11.0.12+7) for windows-amd64 JRE (11.0.12+7), built on Jul 21 2021 15:41:43 by "" with unknown MS VC++:1916

END.
