c:\users\el_kammex\student-database\studentdatabase\x64\debug\vc142.pdb
c:\users\el_kammex\student-database\studentdatabase\x64\debug\.netframework,version=v4.7.2.assemblyattributes.obj
c:\users\el_kammex\student-database\studentdatabase\x64\debug\myform1.obj
c:\users\el_kammex\student-database\studentdatabase\x64\debug\modify.obj
c:\users\el_kammex\student-database\studentdatabase\x64\debug\main.obj
c:\users\el_kammex\student-database\studentdatabase\x64\debug\iefcourses.obj
c:\users\el_kammex\student-database\studentdatabase\x64\debug\ief.obj
c:\users\el_kammex\student-database\studentdatabase\x64\debug\fieldofstudy.obj
c:\users\el_kammex\student-database\studentdatabase\x64\debug\eccourses.obj
c:\users\el_kammex\student-database\studentdatabase\x64\debug\ec.obj
c:\users\el_kammex\student-database\studentdatabase\x64\debug\mysql.data.dll
c:\users\el_kammex\student-database\studentdatabase\x64\debug\system.memory.dll
c:\users\el_kammex\student-database\studentdatabase\x64\debug\system.numerics.vectors.dll
c:\users\el_kammex\student-database\studentdatabase\x64\debug\system.buffers.dll
c:\users\el_kammex\student-database\studentdatabase\x64\debug\studentdatabase.tlog\cl.command.1.tlog
c:\users\el_kammex\student-database\studentdatabase\x64\debug\studentdatabase.tlog\cl.read.1.tlog
c:\users\el_kammex\student-database\studentdatabase\x64\debug\studentdatabase.tlog\cl.write.1.tlog
c:\users\el_kammex\student-database\studentdatabase\x64\debug\studentdatabase.tlog\copylocal.read.1u.tlog
c:\users\el_kammex\student-database\studentdatabase\x64\debug\studentdatabase.tlog\copylocal.write.1u.tlog
c:\users\el_kammex\student-database\studentdatabase\x64\debug\studentdatabase.tlog\metagen.write.1.tlog
