c:\users\el_kammex\student-database\studentdatabase\x64\release\vc142.pdb
c:\users\el_kammex\student-database\studentdatabase\x64\release\.netframework,version=v4.7.2.assemblyattributes.obj
c:\users\el_kammex\student-database\studentdatabase\x64\release\myform1.obj
c:\users\el_kammex\student-database\studentdatabase\x64\release\main.obj
c:\users\el_kammex\student-database\studentdatabase\x64\release\ief.obj
c:\users\el_kammex\student-database\studentdatabase\x64\release\fieldofstudy.obj
c:\users\el_kammex\student-database\studentdatabase\x64\release\ec.obj
c:\users\el_kammex\student-database\studentdatabase\x64\release\database.obj
c:\users\el_kammex\student-database\studentdatabase\x64\release\mysql.data.dll
c:\users\el_kammex\student-database\studentdatabase\x64\release\system.memory.dll
c:\users\el_kammex\student-database\studentdatabase\x64\release\system.numerics.vectors.dll
c:\users\el_kammex\student-database\studentdatabase\x64\release\system.buffers.dll
c:\users\el_kammex\student-database\studentdatabase\x64\release\studentdatabase.exe
c:\users\el_kammex\student-database\studentdatabase\x64\release\studentdatabase.pdb
c:\users\el_kammex\student-database\studentdatabase\x64\release\studentdatabase.myform1.resources
c:\users\el_kammex\student-database\studentdatabase\x64\release\studentdatabase.exe.metagen
c:\users\el_kammex\student-database\studentdatabase\x64\release\studentdatabase.tlog\cl.command.1.tlog
c:\users\el_kammex\student-database\studentdatabase\x64\release\studentdatabase.tlog\cl.read.1.tlog
c:\users\el_kammex\student-database\studentdatabase\x64\release\studentdatabase.tlog\cl.write.1.tlog
c:\users\el_kammex\student-database\studentdatabase\x64\release\studentdatabase.tlog\copylocal.read.1u.tlog
c:\users\el_kammex\student-database\studentdatabase\x64\release\studentdatabase.tlog\copylocal.write.1u.tlog
c:\users\el_kammex\student-database\studentdatabase\x64\release\studentdatabase.tlog\link.command.1.tlog
c:\users\el_kammex\student-database\studentdatabase\x64\release\studentdatabase.tlog\link.read.1.tlog
c:\users\el_kammex\student-database\studentdatabase\x64\release\studentdatabase.tlog\link.write.1.tlog
c:\users\el_kammex\student-database\studentdatabase\x64\release\studentdatabase.tlog\metagen.read.1.tlog
c:\users\el_kammex\student-database\studentdatabase\x64\release\studentdatabase.tlog\metagen.write.1.tlog
c:\users\el_kammex\student-database\studentdatabase\x64\release\studentdatabase.tlog\studentdatabase.write.1u.tlog
